0 info it worked if it ends with ok
1 verbose cli [
1 verbose cli   'C:\\Program Files\\nodejs\\node.exe',
1 verbose cli   'C:\\Users\\Rafae\\AppData\\Roaming\\npm\\node_modules\\npm\\bin\\npm-cli.js',
1 verbose cli   'start'
1 verbose cli ]
2 info using npm@3.10.10
3 info using node@v12.16.1
4 verbose run-script [ 'prestart', 'start', 'poststart' ]
5 info lifecycle backend@1.0.0~prestart: backend@1.0.0
6 silly lifecycle backend@1.0.0~prestart: no script for prestart, continuing
7 info lifecycle backend@1.0.0~start: backend@1.0.0
8 verbose lifecycle backend@1.0.0~start: unsafe-perm in lifecycle true
9 verbose lifecycle backend@1.0.0~start: PATH: C:\Users\Rafae\AppData\Roaming\npm\node_modules\npm\bin\node-gyp-bin;C:\www\semanaomnistack11\aulas\backend\node_modules\.bin;C:\Program Files (x86)\Common Files\Oracle\Java\javapath;C:\Windows\system32;C:\Windows;C:\Windows\System32\Wbem;C:\Windows\System32\WindowsPowerShell\v1.0\;C:\Windows\System32\OpenSSH\;C:\Program Files\Git\cmd;C:\xampp\php;C:\ProgramData\chocolatey\bin;C:\Program Files\nodejs\;C:\Users\Rafae\AppData\Local\Microsoft\WindowsApps;;C:\Users\Rafae\Documents\Microsoft VS Code\bin;C:\Users\Rafae\AppData\Roaming\npm
10 verbose lifecycle backend@1.0.0~start: CWD: C:\www\semanaomnistack11\aulas\backend
11 silly lifecycle backend@1.0.0~start: Args: [ '/d /s /c', 'nodemon src/index.js' ]
12 silly lifecycle backend@1.0.0~start: Returned: code: 3221225786  signal: null
13 info lifecycle backend@1.0.0~start: Failed to exec start script
14 verbose stack Error: backend@1.0.0 start: `nodemon src/index.js`
14 verbose stack Exit status 3221225786
14 verbose stack     at EventEmitter.<anonymous> (C:\Users\Rafae\AppData\Roaming\npm\node_modules\npm\lib\utils\lifecycle.js:255:16)
14 verbose stack     at EventEmitter.emit (events.js:311:20)
14 verbose stack     at ChildProcess.<anonymous> (C:\Users\Rafae\AppData\Roaming\npm\node_modules\npm\lib\utils\spawn.js:40:14)
14 verbose stack     at ChildProcess.emit (events.js:311:20)
14 verbose stack     at maybeClose (internal/child_process.js:1021:16)
14 verbose stack     at Process.ChildProcess._handle.onexit (internal/child_process.js:286:5)
15 verbose pkgid backend@1.0.0
16 verbose cwd C:\www\semanaomnistack11\aulas\backend
17 error Windows_NT 10.0.18362
18 error argv "C:\\Program Files\\nodejs\\node.exe" "C:\\Users\\Rafae\\AppData\\Roaming\\npm\\node_modules\\npm\\bin\\npm-cli.js" "start"
19 error node v12.16.1
20 error npm  v3.10.10
21 error code ELIFECYCLE
22 error backend@1.0.0 start: `nodemon src/index.js`
22 error Exit status 3221225786
23 error Failed at the backend@1.0.0 start script 'nodemon src/index.js'.
23 error Make sure you have the latest version of node.js and npm installed.
23 error If you do, this is most likely a problem with the backend package,
23 error not with npm itself.
23 error Tell the author that this fails on your system:
23 error     nodemon src/index.js
23 error You can get information on how to open an issue for this project with:
23 error     npm bugs backend
23 error Or if that isn't available, you can get their info via:
23 error     npm owner ls backend
23 error There is likely additional logging output above.
24 verbose exit [ 1, true ]
